# JRE version: OpenJDK Runtime Environment Zulu17.56+15-CA (17.0.14+7) (build 17.0.14+7-LTS)
# Java VM: OpenJDK 64-Bit Server VM Zulu17.56+15-CA (17.0.14+7-LTS, mixed mode, sharing, tiered, compressed oops, compressed class ptrs, g1 gc, windows-amd64)
GC Precious Log:
 CPUs: 4 total, 4 available
 Memory: 8085M
 Large Page Support: Disabled
 NUMA Support: Disabled
 Compressed Oops: Enabled (32-bit)
 Heap Region Size: 1M
 Heap Min Capacity: 256M
 Heap Initial Capacity: 256M
 Heap Max Capacity: 512M
 Pre-touch: Disabled
 Parallel Workers: 4
 Concurrent Workers: 1
 Concurrent Refinement Workers: 4
 Periodic GC: Disabled
Heap:
 garbage-first heap   total 262144K, used 134811K [0x00000000e0000000, 0x0000000100000000)
  region size 1024K, 75 young (76800K), 6 survivors (6144K)
 Metaspace       used 74217K, committed 75008K, reserved 393216K
  class space    used 10253K, committed 10624K, reserved 327680K
GC Heap History (20 events):
Event: 1.324 GC heap before
{Heap before GC invocations=1 (full 0):
 garbage-first heap   total 262144K, used 23840K [0x00000000e0000000, 0x0000000100000000)
  region size 1024K, 21 young (21504K), 2 survivors (2048K)
 Metaspace       used 1158K, committed 1280K, reserved 393216K
  class space    used 79K, committed 128K, reserved 327680K
}
Event: 1.330 GC heap after
{Heap after GC invocations=2 (full 0):
 garbage-first heap   total 262144K, used 10324K [0x00000000e0000000, 0x0000000100000000)
  region size 1024K, 3 young (3072K), 3 survivors (3072K)
 Metaspace       used 1158K, committed 1280K, reserved 393216K
  class space    used 79K, committed 128K, reserved 327680K
}
Event: 6.017 GC heap before
{Heap before GC invocations=2 (full 0):
 garbage-first heap   total 262144K, used 165972K [0x00000000e0000000, 0x0000000100000000)
  region size 1024K, 153 young (156672K), 3 survivors (3072K)
 Metaspace       used 15176K, committed 15360K, reserved 393216K
  class space    used 2078K, committed 2176K, reserved 327680K
}
Event: 6.036 GC heap after
{Heap after GC invocations=3 (full 0):
 garbage-first heap   total 262144K, used 21678K [0x00000000e0000000, 0x0000000100000000)
  region size 1024K, 14 young (14336K), 14 survivors (14336K)
 Metaspace       used 15176K, committed 15360K, reserved 393216K
  class space    used 2078K, committed 2176K, reserved 327680K
}
Event: 7.443 GC heap before
{Heap before GC invocations=3 (full 0):
 garbage-first heap   total 262144K, used 74926K [0x00000000e0000000, 0x0000000100000000)
  region size 1024K, 67 young (68608K), 14 survivors (14336K)
 Metaspace       used 21186K, committed 21504K, reserved 393216K
  class space    used 3083K, committed 3264K, reserved 327680K
}
Event: 7.462 GC heap after
{Heap after GC invocations=4 (full 0):
 garbage-first heap   total 262144K, used 25002K [0x00000000e0000000, 0x0000000100000000)
  region size 1024K, 4 young (4096K), 4 survivors (4096K)
 Metaspace       used 21186K, committed 21504K, reserved 393216K
  class space    used 3083K, committed 3264K, reserved 327680K
}
Event: 10.798 GC heap before
{Heap before GC invocations=5 (full 0):
 garbage-first heap   total 262144K, used 144810K [0x00000000e0000000, 0x0000000100000000)
  region size 1024K, 118 young (120832K), 4 survivors (4096K)
 Metaspace       used 35616K, committed 35968K, reserved 393216K
  class space    used 4936K, committed 5120K, reserved 327680K
}
Event: 10.817 GC heap after
{Heap after GC invocations=6 (full 0):
 garbage-first heap   total 262144K, used 32351K [0x00000000e0000000, 0x0000000100000000)
  region size 1024K, 11 young (11264K), 11 survivors (11264K)
 Metaspace       used 35616K, committed 35968K, reserved 393216K
  class space    used 4936K, committed 5120K, reserved 327680K
}
Event: 14.469 GC heap before
{Heap before GC invocations=7 (full 0):
 garbage-first heap   total 262144K, used 178783K [0x00000000e0000000, 0x0000000100000000)
  region size 1024K, 153 young (156672K), 11 survivors (11264K)
 Metaspace       used 47719K, committed 48256K, reserved 393216K
  class space    used 6791K, committed 7040K, reserved 327680K
}
Event: 14.498 GC heap after
{Heap after GC invocations=8 (full 0):
 garbage-first heap   total 262144K, used 38224K [0x00000000e0000000, 0x0000000100000000)
  region size 1024K, 14 young (14336K), 14 survivors (14336K)
 Metaspace       used 47719K, committed 48256K, reserved 393216K
  class space    used 6791K, committed 7040K, reserved 327680K
}
Event: 18.724 GC heap before
{Heap before GC invocations=8 (full 0):
 garbage-first heap   total 262144K, used 180560K [0x00000000e0000000, 0x0000000100000000)
  region size 1024K, 153 young (156672K), 14 survivors (14336K)
 Metaspace       used 59340K, committed 60032K, reserved 393216K
  class space    used 8516K, committed 8832K, reserved 327680K
}
Event: 18.767 GC heap after
{Heap after GC invocations=9 (full 0):
 garbage-first heap   total 262144K, used 49346K [0x00000000e0000000, 0x0000000100000000)
  region size 1024K, 18 young (18432K), 18 survivors (18432K)
 Metaspace       used 59340K, committed 60032K, reserved 393216K
  class space    used 8516K, committed 8832K, reserved 327680K
}
Event: 19.070 GC heap before
{Heap before GC invocations=9 (full 0):
 garbage-first heap   total 262144K, used 67778K [0x00000000e0000000, 0x0000000100000000)
  region size 1024K, 37 young (37888K), 18 survivors (18432K)
 Metaspace       used 59581K, committed 60160K, reserved 393216K
  class space    used 8555K, committed 8832K, reserved 327680K
}
Event: 19.121 GC heap after
{Heap after GC invocations=10 (full 0):
 garbage-first heap   total 262144K, used 53760K [0x00000000e0000000, 0x0000000100000000)
  region size 1024K, 5 young (5120K), 5 survivors (5120K)
 Metaspace       used 59581K, committed 60160K, reserved 393216K
  class space    used 8555K, committed 8832K, reserved 327680K
}
Event: 2026.084 GC heap before
{Heap before GC invocations=11 (full 0):
 garbage-first heap   total 262144K, used 205312K [0x00000000e0000000, 0x0000000100000000)
  region size 1024K, 150 young (153600K), 5 survivors (5120K)
 Metaspace       used 71870K, committed 72576K, reserved 393216K
  class space    used 10110K, committed 10432K, reserved 327680K
}
Event: 2026.107 GC heap after
{Heap after GC invocations=12 (full 0):
 garbage-first heap   total 262144K, used 60742K [0x00000000e0000000, 0x0000000100000000)
  region size 1024K, 11 young (11264K), 11 survivors (11264K)
 Metaspace       used 71870K, committed 72576K, reserved 393216K
  class space    used 10110K, committed 10432K, reserved 327680K
}
Event: 2026.118 GC heap before
{Heap before GC invocations=12 (full 0):
 garbage-first heap   total 262144K, used 61766K [0x00000000e0000000, 0x0000000100000000)
  region size 1024K, 12 young (12288K), 11 survivors (11264K)
 Metaspace       used 71870K, committed 72576K, reserved 393216K
  class space    used 10110K, committed 10432K, reserved 327680K
}
Event: 2026.149 GC heap after
{Heap after GC invocations=13 (full 0):
 garbage-first heap   total 262144K, used 57660K [0x00000000e0000000, 0x0000000100000000)
  region size 1024K, 1 young (1024K), 1 survivors (1024K)
 Metaspace       used 71870K, committed 72576K, reserved 393216K
  class space    used 10110K, committed 10432K, reserved 327680K
}
Event: 2376.501 GC heap before
{Heap before GC invocations=13 (full 0):
 garbage-first heap   total 262144K, used 208188K [0x00000000e0000000, 0x0000000100000000)
  region size 1024K, 145 young (148480K), 1 survivors (1024K)
 Metaspace       used 73646K, committed 74496K, reserved 393216K
  class space    used 10221K, committed 10624K, reserved 327680K
}
Event: 2376.521 GC heap after
{Heap after GC invocations=14 (full 0):
 garbage-first heap   total 262144K, used 64155K [0x00000000e0000000, 0x0000000100000000)
  region size 1024K, 6 young (6144K), 6 survivors (6144K)
 Metaspace       used 73646K, committed 74496K, reserved 393216K
  class space    used 10221K, committed 10624K, reserved 327680K
}

